#
# There is insufficient memory for the Java Runtime Environment to continue.
# Native memory allocation (malloc) failed to allocate 1412496 bytes for Chunk::new
# Possible reasons:
#   The system is out of physical RAM or swap space
#   The process is running with CompressedOops enabled, and the Java Heap may be blocking the growth of the native heap
# Possible solutions:
#   Reduce memory load on the system
#   Increase physical memory or swap space
#   Check if swap backing store is full
#   Decrease Java heap size (-Xmx/-Xms)
#   Decrease number of Java threads
#   Decrease Java thread stack sizes (-Xss)
#   Set larger code cache with -XX:ReservedCodeCacheSize=
#   JVM is running with Unscaled Compressed Oops mode in which the Java heap is
#     placed in the first 4GB address space. The Java Heap base address is the
#     maximum limit for the native heap growth. Please use -XX:HeapBaseMinAddress
#     to set the Java Heap base and to place the Java Heap above 4GB virtual address.
# This output file may be truncated or incomplete.
#
#  Out of Memory Error (t:/workspace/open/src/hotspot/share/memory/arena.cpp:197), pid=27652, tid=22848
#
# JRE version: Java(TM) SE Runtime Environment (12.0.2+10) (build 12.0.2+10)
# Java VM: Java HotSpot(TM) 64-Bit Server VM (12.0.2+10, mixed mode, sharing, tiered, compressed oops, g1 gc, windows-amd64)
# No core dump will be written. Minidumps are not enabled by default on client versions of Windows
#

---------------  S U M M A R Y ------------

Command Line: -Dfile.encoding=Cp1252 appliation.BookstoreMain

Host: Intel(R) Core(TM) m3-7Y30 CPU @ 1.00GHz, 4 cores, 3G,  Windows 10 , 64 bit Build 17134 (10.0.17134.753)
Time: Mon Jan 20 19:23:00 2020 ¨¬????¨®¡À¨º¡Á?¨º¡À?? elapsed time: 1 seconds (0d 0h 0m 1s)

---------------  T H R E A D  ---------------

Current thread (0x00000190d7e68800):  JavaThread "C2 CompilerThread0" daemon [_thread_in_native, id=22848, stack(0x00000022d3800000,0x00000022d3900000)]


Current CompileTask:
C2:   1090  754       4       jdk.internal.org.objectweb.asm.Frame::execute (2305 bytes)

Stack: [0x00000022d3800000,0x00000022d3900000]
Native frames: (J=compiled Java code, j=interpreted, Vv=VM code, C=native code)
V  [jvm.dll+0x63aa2a]
V  [jvm.dll+0x78ce1e]
V  [jvm.dll+0x78e4c1]
V  [jvm.dll+0x78eb13]
V  [jvm.dll+0x2627e8]
V  [jvm.dll+0xc55cc]
V  [jvm.dll+0xc5b4c]
V  [jvm.dll+0x37a677]
V  [jvm.dll+0x3463d3]
V  [jvm.dll+0x34579a]
V  [jvm.dll+0x21c205]
V  [jvm.dll+0x21b3da]
V  [jvm.dll+0x199a20]
V  [jvm.dll+0x22a744]
V  [jvm.dll+0x228d98]
V  [jvm.dll+0x7512a0]
V  [jvm.dll+0x74a2c8]
V  [jvm.dll+0x639b16]
C  [ucrtbase.dll+0x1e3fe]
C  [KERNEL32.DLL+0x14034]
C  [ntdll.dll+0x73691]


---------------  P R O C E S S  ---------------

Threads class SMR info:
_java_thread_list=0x00000190d97e2f60, length=15, elements={
0x00000190d7e47800, 0x00000190d7e4a800, 0x00000190d7e62800, 0x00000190d7e63800,
0x00000190d7e68800, 0x00000190d7e7f000, 0x00000190d7e96800, 0x00000190d87be000,
0x00000190d87c4800, 0x00000190d8a23000, 0x00000190d8a27800, 0x00000190d8a28800,
0x00000190d8a5c800, 0x00000190bc04a000, 0x00000190d971b000
}

Java Threads: ( => current thread )
  0x00000190d7e47800 JavaThread "Reference Handler" daemon [_thread_blocked, id=4608, stack(0x00000022d3400000,0x00000022d3500000)]
  0x00000190d7e4a800 JavaThread "Finalizer" daemon [_thread_blocked, id=25636, stack(0x00000022d3500000,0x00000022d3600000)]
  0x00000190d7e62800 JavaThread "Signal Dispatcher" daemon [_thread_blocked, id=14712, stack(0x00000022d3600000,0x00000022d3700000)]
  0x00000190d7e63800 JavaThread "Attach Listener" daemon [_thread_blocked, id=19332, stack(0x00000022d3700000,0x00000022d3800000)]
=>0x00000190d7e68800 JavaThread "C2 CompilerThread0" daemon [_thread_in_native, id=22848, stack(0x00000022d3800000,0x00000022d3900000)]
  0x00000190d7e7f000 JavaThread "C1 CompilerThread0" daemon [_thread_blocked, id=29768, stack(0x00000022d3900000,0x00000022d3a00000)]
  0x00000190d7e96800 JavaThread "Sweeper thread" daemon [_thread_blocked, id=28236, stack(0x00000022d3a00000,0x00000022d3b00000)]
  0x00000190d87be000 JavaThread "Service Thread" daemon [_thread_blocked, id=27328, stack(0x00000022d3b00000,0x00000022d3c00000)]
  0x00000190d87c4800 JavaThread "Common-Cleaner" daemon [_thread_blocked, id=21108, stack(0x00000022d3d00000,0x00000022d3e00000)]
  0x00000190d8a23000 JavaThread "Java2D Disposer" daemon [_thread_blocked, id=7880, stack(0x00000022d3e00000,0x00000022d3f00000)]
  0x00000190d8a27800 JavaThread "AWT-Shutdown" [_thread_blocked, id=20012, stack(0x00000022d3f00000,0x00000022d4000000)]
  0x00000190d8a28800 JavaThread "AWT-Windows" daemon [_thread_in_native, id=24124, stack(0x00000022d4000000,0x00000022d4100000)]
  0x00000190d8a5c800 JavaThread "AWT-EventQueue-0" [_thread_blocked, id=28908, stack(0x00000022d4100000,0x00000022d4200000)]
  0x00000190bc04a000 JavaThread "DestroyJavaVM" [_thread_blocked, id=22456, stack(0x00000022d2d00000,0x00000022d2e00000)]
  0x00000190d971b000 JavaThread "TimerQueue" daemon [_thread_blocked, id=28040, stack(0x00000022d4200000,0x00000022d4300000)]

Other Threads:
  0x00000190d7e46000 VMThread "VM Thread" [stack: 0x00000022d3300000,0x00000022d3400000] [id=20760]
  0x00000190d87c3800 WatcherThread [stack: 0x00000022d3c00000,0x00000022d3d00000] [id=26092]
  0x00000190bc074800 GCTaskThread "GC Thread#0" [stack: 0x00000022d2e00000,0x00000022d2f00000] [id=5420]
  0x00000190bc07c800 ConcurrentGCThread "G1 Main Marker" [stack: 0x00000022d2f00000,0x00000022d3000000] [id=29868]
  0x00000190bc081800 ConcurrentGCThread "G1 Conc#0" [stack: 0x00000022d3000000,0x00000022d3100000] [id=30156]
  0x00000190bc0e0800 ConcurrentGCThread "G1 Refine#0" [stack: 0x00000022d3100000,0x00000022d3200000] [id=26572]
  0x00000190bc0e2000 ConcurrentGCThread "G1 Young RemSet Sampling" [stack: 0x00000022d3200000,0x00000022d3300000] [id=21508]

Threads with active compile tasks:
C2 CompilerThread0   754       4       jdk.internal.org.objectweb.asm.Frame::execute (2305 bytes)

VM state:not at safepoint (normal execution)

VM Mutex/Monitor currently owned by a thread: None

Heap address: 0x00000000c1200000, size: 1006 MB, Compressed Oops mode: 32-bit
Narrow klass base: 0x0000000800000000, Narrow klass shift: 3
Compressed class space size: 1073741824 Address: 0x0000000801190000

Heap:
 garbage-first heap   total 65536K, used 7168K [0x00000000c1200000, 0x0000000100000000)
  region size 1024K, 8 young (8192K), 0 survivors (0K)
 Metaspace       used 9103K, capacity 9440K, committed 9472K, reserved 1056768K
  class space    used 1123K, capacity 1280K, committed 1280K, reserved 1048576K
Heap Regions: E=young(eden), S=young(survivor), O=old, HS=humongous(starts), HC=humongous(continues), CS=collection set, F=free, A=archive, TAMS=top-at-mark-start (previous, next)
|   0|0x00000000c1200000, 0x00000000c1200000, 0x00000000c1300000|  0%| F|  |TAMS 0x00000000c1200000, 0x00000000c1200000| Untracked 
|   1|0x00000000c1300000, 0x00000000c1300000, 0x00000000c1400000|  0%| F|  |TAMS 0x00000000c1300000, 0x00000000c1300000| Untracked 
|   2|0x00000000c1400000, 0x00000000c1400000, 0x00000000c1500000|  0%| F|  |TAMS 0x00000000c1400000, 0x00000000c1400000| Untracked 
|   3|0x00000000c1500000, 0x00000000c1500000, 0x00000000c1600000|  0%| F|  |TAMS 0x00000000c1500000, 0x00000000c1500000| Untracked 
|   4|0x00000000c1600000, 0x00000000c1600000, 0x00000000c1700000|  0%| F|  |TAMS 0x00000000c1600000, 0x00000000c1600000| Untracked 
|   5|0x00000000c1700000, 0x00000000c1700000, 0x00000000c1800000|  0%| F|  |TAMS 0x00000000c1700000, 0x00000000c1700000| Untracked 
|   6|0x00000000c1800000, 0x00000000c1800000, 0x00000000c1900000|  0%| F|  |TAMS 0x00000000c1800000, 0x00000000c1800000| Untracked 
|   7|0x00000000c1900000, 0x00000000c1900000, 0x00000000c1a00000|  0%| F|  |TAMS 0x00000000c1900000, 0x00000000c1900000| Untracked 
|   8|0x00000000c1a00000, 0x00000000c1a00000, 0x00000000c1b00000|  0%| F|  |TAMS 0x00000000c1a00000, 0x00000000c1a00000| Untracked 
|   9|0x00000000c1b00000, 0x00000000c1b00000, 0x00000000c1c00000|  0%| F|  |TAMS 0x00000000c1b00000, 0x00000000c1b00000| Untracked 
|  10|0x00000000c1c00000, 0x00000000c1c00000, 0x00000000c1d00000|  0%| F|  |TAMS 0x00000000c1c00000, 0x00000000c1c00000| Untracked 
|  11|0x00000000c1d00000, 0x00000000c1d00000, 0x00000000c1e00000|  0%| F|  |TAMS 0x00000000c1d00000, 0x00000000c1d00000| Untracked 
|  12|0x00000000c1e00000, 0x00000000c1e00000, 0x00000000c1f00000|  0%| F|  |TAMS 0x00000000c1e00000, 0x00000000c1e00000| Untracked 
|  13|0x00000000c1f00000, 0x00000000c1f00000, 0x00000000c2000000|  0%| F|  |TAMS 0x00000000c1f00000, 0x00000000c1f00000| Untracked 
|  14|0x00000000c2000000, 0x00000000c2000000, 0x00000000c2100000|  0%| F|  |TAMS 0x00000000c2000000, 0x00000000c2000000| Untracked 
|  15|0x00000000c2100000, 0x00000000c2100000, 0x00000000c2200000|  0%| F|  |TAMS 0x00000000c2100000, 0x00000000c2100000| Untracked 
|  16|0x00000000c2200000, 0x00000000c2200000, 0x00000000c2300000|  0%| F|  |TAMS 0x00000000c2200000, 0x00000000c2200000| Untracked 
|  17|0x00000000c2300000, 0x00000000c2300000, 0x00000000c2400000|  0%| F|  |TAMS 0x00000000c2300000, 0x00000000c2300000| Untracked 
|  18|0x00000000c2400000, 0x00000000c2400000, 0x00000000c2500000|  0%| F|  |TAMS 0x00000000c2400000, 0x00000000c2400000| Untracked 
|  19|0x00000000c2500000, 0x00000000c2500000, 0x00000000c2600000|  0%| F|  |TAMS 0x00000000c2500000, 0x00000000c2500000| Untracked 
|  20|0x00000000c2600000, 0x00000000c2600000, 0x00000000c2700000|  0%| F|  |TAMS 0x00000000c2600000, 0x00000000c2600000| Untracked 
|  21|0x00000000c2700000, 0x00000000c2700000, 0x00000000c2800000|  0%| F|  |TAMS 0x00000000c2700000, 0x00000000c2700000| Untracked 
|  22|0x00000000c2800000, 0x00000000c2800000, 0x00000000c2900000|  0%| F|  |TAMS 0x00000000c2800000, 0x00000000c2800000| Untracked 
|  23|0x00000000c2900000, 0x00000000c2900000, 0x00000000c2a00000|  0%| F|  |TAMS 0x00000000c2900000, 0x00000000c2900000| Untracked 
|  24|0x00000000c2a00000, 0x00000000c2a00000, 0x00000000c2b00000|  0%| F|  |TAMS 0x00000000c2a00000, 0x00000000c2a00000| Untracked 
|  25|0x00000000c2b00000, 0x00000000c2b00000, 0x00000000c2c00000|  0%| F|  |TAMS 0x00000000c2b00000, 0x00000000c2b00000| Untracked 
|  26|0x00000000c2c00000, 0x00000000c2c00000, 0x00000000c2d00000|  0%| F|  |TAMS 0x00000000c2c00000, 0x00000000c2c00000| Untracked 
|  27|0x00000000c2d00000, 0x00000000c2d00000, 0x00000000c2e00000|  0%| F|  |TAMS 0x00000000c2d00000, 0x00000000c2d00000| Untracked 
|  28|0x00000000c2e00000, 0x00000000c2e00000, 0x00000000c2f00000|  0%| F|  |TAMS 0x00000000c2e00000, 0x00000000c2e00000| Untracked 
|  29|0x00000000c2f00000, 0x00000000c2f00000, 0x00000000c3000000|  0%| F|  |TAMS 0x00000000c2f00000, 0x00000000c2f00000| Untracked 
|  30|0x00000000c3000000, 0x00000000c3000000, 0x00000000c3100000|  0%| F|  |TAMS 0x00000000c3000000, 0x00000000c3000000| Untracked 
|  31|0x00000000c3100000, 0x00000000c3100000, 0x00000000c3200000|  0%| F|  |TAMS 0x00000000c3100000, 0x00000000c3100000| Untracked 
|  32|0x00000000c3200000, 0x00000000c3200000, 0x00000000c3300000|  0%| F|  |TAMS 0x00000000c3200000, 0x00000000c3200000| Untracked 
|  33|0x00000000c3300000, 0x00000000c3300000, 0x00000000c3400000|  0%| F|  |TAMS 0x00000000c3300000, 0x00000000c3300000| Untracked 
|  34|0x00000000c3400000, 0x00000000c3400000, 0x00000000c3500000|  0%| F|  |TAMS 0x00000000c3400000, 0x00000000c3400000| Untracked 
|  35|0x00000000c3500000, 0x00000000c3500000, 0x00000000c3600000|  0%| F|  |TAMS 0x00000000c3500000, 0x00000000c3500000| Untracked 
|  36|0x00000000c3600000, 0x00000000c3600000, 0x00000000c3700000|  0%| F|  |TAMS 0x00000000c3600000, 0x00000000c3600000| Untracked 
|  37|0x00000000c3700000, 0x00000000c3700000, 0x00000000c3800000|  0%| F|  |TAMS 0x00000000c3700000, 0x00000000c3700000| Untracked 
|  38|0x00000000c3800000, 0x00000000c3800000, 0x00000000c3900000|  0%| F|  |TAMS 0x00000000c3800000, 0x00000000c3800000| Untracked 
|  39|0x00000000c3900000, 0x00000000c3900000, 0x00000000c3a00000|  0%| F|  |TAMS 0x00000000c3900000, 0x00000000c3900000| Untracked 
|  40|0x00000000c3a00000, 0x00000000c3a00000, 0x00000000c3b00000|  0%| F|  |TAMS 0x00000000c3a00000, 0x00000000c3a00000| Untracked 
|  41|0x00000000c3b00000, 0x00000000c3b00000, 0x00000000c3c00000|  0%| F|  |TAMS 0x00000000c3b00000, 0x00000000c3b00000| Untracked 
|  42|0x00000000c3c00000, 0x00000000c3c00000, 0x00000000c3d00000|  0%| F|  |TAMS 0x00000000c3c00000, 0x00000000c3c00000| Untracked 
|  43|0x00000000c3d00000, 0x00000000c3d00000, 0x00000000c3e00000|  0%| F|  |TAMS 0x00000000c3d00000, 0x00000000c3d00000| Untracked 
|  44|0x00000000c3e00000, 0x00000000c3e00000, 0x00000000c3f00000|  0%| F|  |TAMS 0x00000000c3e00000, 0x00000000c3e00000| Untracked 
|  45|0x00000000c3f00000, 0x00000000c3f00000, 0x00000000c4000000|  0%| F|  |TAMS 0x00000000c3f00000, 0x00000000c3f00000| Untracked 
|  46|0x00000000c4000000, 0x00000000c4000000, 0x00000000c4100000|  0%| F|  |TAMS 0x00000000c4000000, 0x00000000c4000000| Untracked 
|  47|0x00000000c4100000, 0x00000000c4100000, 0x00000000c4200000|  0%| F|  |TAMS 0x00000000c4100000, 0x00000000c4100000| Untracked 
|  48|0x00000000c4200000, 0x00000000c4200000, 0x00000000c4300000|  0%| F|  |TAMS 0x00000000c4200000, 0x00000000c4200000| Untracked 
|  49|0x00000000c4300000, 0x00000000c4300000, 0x00000000c4400000|  0%| F|  |TAMS 0x00000000c4300000, 0x00000000c4300000| Untracked 
|  50|0x00000000c4400000, 0x00000000c4400000, 0x00000000c4500000|  0%| F|  |TAMS 0x00000000c4400000, 0x00000000c4400000| Untracked 
|  51|0x00000000c4500000, 0x00000000c4500000, 0x00000000c4600000|  0%| F|  |TAMS 0x00000000c4500000, 0x00000000c4500000| Untracked 
|  52|0x00000000c4600000, 0x00000000c4600000, 0x00000000c4700000|  0%| F|  |TAMS 0x00000000c4600000, 0x00000000c4600000| Untracked 
|  53|0x00000000c4700000, 0x00000000c4700000, 0x00000000c4800000|  0%| F|  |TAMS 0x00000000c4700000, 0x00000000c4700000| Untracked 
|  54|0x00000000c4800000, 0x00000000c4800000, 0x00000000c4900000|  0%| F|  |TAMS 0x00000000c4800000, 0x00000000c4800000| Untracked 
|  55|0x00000000c4900000, 0x00000000c4900000, 0x00000000c4a00000|  0%| F|  |TAMS 0x00000000c4900000, 0x00000000c4900000| Untracked 
|  56|0x00000000c4a00000, 0x00000000c4a5a290, 0x00000000c4b00000| 35%| E|  |TAMS 0x00000000c4a00000, 0x00000000c4a00000| Complete 
|  57|0x00000000c4b00000, 0x00000000c4c00000, 0x00000000c4c00000|100%| E|CS|TAMS 0x00000000c4b00000, 0x00000000c4b00000| Complete 
|  58|0x00000000c4c00000, 0x00000000c4d00000, 0x00000000c4d00000|100%| E|CS|TAMS 0x00000000c4c00000, 0x00000000c4c00000| Complete 
|  59|0x00000000c4d00000, 0x00000000c4e00000, 0x00000000c4e00000|100%| E|CS|TAMS 0x00000000c4d00000, 0x00000000c4d00000| Complete 
|  60|0x00000000c4e00000, 0x00000000c4f00000, 0x00000000c4f00000|100%| E|CS|TAMS 0x00000000c4e00000, 0x00000000c4e00000| Complete 
|  61|0x00000000c4f00000, 0x00000000c5000000, 0x00000000c5000000|100%| E|CS|TAMS 0x00000000c4f00000, 0x00000000c4f00000| Complete 
|  62|0x00000000c5000000, 0x00000000c5100000, 0x00000000c5100000|100%| E|CS|TAMS 0x00000000c5000000, 0x00000000c5000000| Complete 
|  63|0x00000000c5100000, 0x00000000c5200000, 0x00000000c5200000|100%| E|CS|TAMS 0x00000000c5100000, 0x00000000c5100000| Complete 

Card table byte_map: [0x00000190d3650000,0x00000190d3850000] _byte_map_base: 0x00000190d3047000

Marking Bits (Prev, Next): (CMBitMap*) 0x00000190bc075ab8, (CMBitMap*) 0x00000190bc075af8
 Prev Bits: [0x00000190d3a50000, 0x00000190d4a08000)
 Next Bits: [0x00000190d4a10000, 0x00000190d59c8000)

Polling page: 0x00000190b9f30000

Metaspace:

Usage:
  Non-class:      7.97 MB capacity,     7.79 MB ( 98%) used,   151.45 KB (  2%) free+waste,    27.94 KB ( <1%) overhead. 
      Class:      1.25 MB capacity,     1.10 MB ( 88%) used,   139.83 KB ( 11%) free+waste,    16.94 KB (  1%) overhead. 
       Both:      9.22 MB capacity,     8.89 MB ( 96%) used,   291.28 KB (  3%) free+waste,    44.88 KB ( <1%) overhead. 

Virtual space:
  Non-class space:        8.00 MB reserved,       8.00 MB (100%) committed 
      Class space:        1.00 GB reserved,       1.25 MB ( <1%) committed 
             Both:        1.01 GB reserved,       9.25 MB ( <1%) committed 

Chunk freelists:
   Non-Class:  4.00 KB
       Class:  0 bytes
        Both:  4.00 KB

CodeHeap 'non-profiled nmethods': size=120064Kb used=207Kb max_used=207Kb free=119856Kb
 bounds [0x00000190cbf10000, 0x00000190cc180000, 0x00000190d3450000]
CodeHeap 'profiled nmethods': size=120000Kb used=1357Kb max_used=1357Kb free=118642Kb
 bounds [0x00000190c49e0000, 0x00000190c4c50000, 0x00000190cbf10000]
CodeHeap 'non-nmethods': size=5696Kb used=1231Kb max_used=1231Kb free=4465Kb
 bounds [0x00000190c4450000, 0x00000190c46c0000, 0x00000190c49e0000]
 total_blobs=1492 nmethods=793 adapters=506
 compilation: enabled
              stopped_count=0, restarted_count=0
 full_count=0

Compilation events (10 events):
Event: 1.021 Thread 0x00000190d7e7f000  772       3       java.nio.channels.spi.AbstractInterruptibleChannel::end (53 bytes)
Event: 1.021 Thread 0x00000190d7e7f000 nmethod 772 0x00000190c4b2d910 code [0x00000190c4b2db40, 0x00000190c4b2e360]
Event: 1.037 Thread 0x00000190d7e7f000  773       3       java.awt.Component::getContainer (5 bytes)
Event: 1.037 Thread 0x00000190d7e7f000 nmethod 773 0x00000190c4b2e610 code [0x00000190c4b2e7c0, 0x00000190c4b2e958]
Event: 1.037 Thread 0x00000190d7e7f000  774       3       java.awt.Component::isValid (20 bytes)
Event: 1.037 Thread 0x00000190d7e7f000 nmethod 774 0x00000190c4b2ea10 code [0x00000190c4b2ebc0, 0x00000190c4b2edd8]
Event: 1.037 Thread 0x00000190d7e7f000  775       3       java.util.concurrent.ConcurrentHashMap$ValueIterator::next (34 bytes)
Event: 1.038 Thread 0x00000190d7e7f000 nmethod 775 0x00000190c4b2ee90 code [0x00000190c4b2f080, 0x00000190c4b2f360]
Event: 1.078 Thread 0x00000190d7e7f000  778       1       java.awt.Color::getRGB (5 bytes)
Event: 1.078 Thread 0x00000190d7e7f000 nmethod 778 0x00000190cbf42010 code [0x00000190cbf421c0, 0x00000190cbf422f8]

GC Heap History (0 events):
No events

Deoptimization events (2 events):
Event: 0.155 Thread 0x00000190bc04a000 Uncommon trap: reason=unstable_if action=reinterpret pc=0x00000190cbf147bc method=java.lang.String.hashCode()I @ 14 c2
Event: 0.341 Thread 0x00000190bc04a000 Uncommon trap: reason=range_check action=reinterpret pc=0x00000190cbf25b28 method=java.lang.StringLatin1.indexOf([BII)I @ 13 c2

Classes redefined (0 events):
No events

Internal exceptions (10 events):
Event: 0.427 Thread 0x00000190d8a28800 Exception <a 'java/lang/NoSuchMethodError'{0x00000000c4fdca38}: java.lang.invoke.DirectMethodHandle$Holder.invokeSpecial(Ljava/lang/Object;Ljava/lang/Object;)V> (0x00000000c4fdca38) thrown at [t:/workspace/open/src/hotspot/share/interpreter/linkResolver.c
Event: 0.433 Thread 0x00000190bc04a000 Exception <a 'java/lang/NoSuchMethodError'{0x00000000c4fc41f8}: java.lang.invoke.DirectMethodHandle$Holder.invokeStatic(Ljava/lang/Object;Ljava/lang/Object;Ljava/lang/Object;Ljava/lang/Object;Ljava/lang/Object;Ljava/lang/Object;Ljava/lang/Object;J)Ljava/l
Event: 0.544 Thread 0x00000190d8a5c800 Exception <a 'java/lang/NoSuchMethodError'{0x00000000c4d584c0}: java.lang.invoke.DirectMethodHandle$Holder.invokeStatic(Ljava/lang/Object;ILjava/lang/Object;Ljava/lang/Object;Ljava/lang/Object;Ljava/lang/Object;)Ljava/lang/Object;> (0x00000000c4d584c0) th
Event: 0.545 Thread 0x00000190d8a5c800 Exception <a 'java/lang/NoSuchMethodError'{0x00000000c4d5f0f0}: java.lang.invoke.DirectMethodHandle$Holder.invokeStatic(Ljava/lang/Object;ILjava/lang/Object;Ljava/lang/Object;Ljava/lang/Object;)Ljava/lang/Object;> (0x00000000c4d5f0f0) thrown at [t:/worksp
Event: 0.545 Thread 0x00000190d8a5c800 Exception <a 'java/lang/NoSuchMethodError'{0x00000000c4d62950}: java.lang.invoke.DirectMethodHandle$Holder.invokeSpecial(Ljava/lang/Object;Ljava/lang/Object;ILjava/lang/Object;Ljava/lang/Object;Ljava/lang/Object;)Ljava/lang/Object;> (0x00000000c4d62950) t
Event: 0.550 Thread 0x00000190d8a5c800 Exception <a 'java/lang/NoSuchMethodError'{0x00000000c4d78c30}: java.lang.invoke.DirectMethodHandle$Holder.invokeStatic(Ljava/lang/Object;ILjava/lang/Object;)Ljava/lang/Object;> (0x00000000c4d78c30) thrown at [t:/workspace/open/src/hotspot/share/interpret
Event: 0.590 Thread 0x00000190d8a5c800 Exception <a 'java/lang/ClassNotFoundException'{0x00000000c4c1fc58}: com/sun/swing/internal/plaf/metal/resources/spi/metalProvider> (0x00000000c4c1fc58) thrown at [t:/workspace/open/src/hotspot/share/classfile/systemDictionary.cpp, line 235]
Event: 0.595 Thread 0x00000190d8a5c800 Exception <a 'java/lang/ClassNotFoundException'{0x00000000c4c25e70}: com/sun/swing/internal/plaf/basic/resources/spi/basicProvider> (0x00000000c4c25e70) thrown at [t:/workspace/open/src/hotspot/share/classfile/systemDictionary.cpp, line 235]
Event: 0.932 Thread 0x00000190d8a5c800 Exception <a 'java/lang/NoSuchMethodError'{0x00000000c4bb5548}: java.lang.invoke.DirectMethodHandle$Holder.invokeStaticInit(Ljava/lang/Object;)V> (0x00000000c4bb5548) thrown at [t:/workspace/open/src/hotspot/share/interpreter/linkResolver.cpp, line 777]
Event: 0.944 Thread 0x00000190d8a5c800 Exception <a 'java/lang/NoSuchMethodError'{0x00000000c4be0038}: java.lang.invoke.Invokers$Holder.linkToTargetMethod(Ljava/lang/Object;ILjava/lang/Object;)Ljava/lang/Object;> (0x00000000c4be0038) thrown at [t:/workspace/open/src/hotspot/share/interpreter/l

Events (10 events):
Event: 1.082 loading class java/awt/PaintContext done
Event: 1.082 loading class java/awt/GradientPaintContext done
Event: 1.082 loading class java/awt/geom/Point2D$Double
Event: 1.083 loading class java/awt/geom/Point2D$Double done
Event: 1.083 loading class sun/java2d/pipe/AlphaPaintPipe$TileContext
Event: 1.083 loading class sun/java2d/pipe/AlphaPaintPipe$TileContext done
Event: 1.084 loading class sun/awt/image/ToolkitImage
Event: 1.084 loading class sun/awt/image/ToolkitImage done
Event: 1.084 loading class sun/awt/image/MultiResolutionToolkitImage
Event: 1.084 loading class sun/awt/image/MultiResolutionToolkitImage done


Dynamic libraries:
0x00007ff7129d0000 - 0x00007ff7129df000 	C:\Program Files\Java\jdk-12.0.2\bin\javaw.exe
0x00007ff90c280000 - 0x00007ff90c461000 	C:\WINDOWS\SYSTEM32\ntdll.dll
0x00007ff90a160000 - 0x00007ff90a211000 	C:\WINDOWS\System32\KERNEL32.DLL
0x00007ff908e30000 - 0x00007ff9090a3000 	C:\WINDOWS\System32\KERNELBASE.dll
0x00007ff909250000 - 0x00007ff909348000 	C:\WINDOWS\System32\ucrtbase.dll
0x00007ff905bd0000 - 0x00007ff905be6000 	C:\Program Files\Java\jdk-12.0.2\bin\VCRUNTIME140.dll
0x00007ff905bb0000 - 0x00007ff905bc8000 	C:\Program Files\Java\jdk-12.0.2\bin\jli.dll
0x00007ff90a630000 - 0x00007ff90a6d1000 	C:\WINDOWS\System32\ADVAPI32.dll
0x00007ff90c130000 - 0x00007ff90c1ce000 	C:\WINDOWS\System32\msvcrt.dll
0x00007ff909790000 - 0x00007ff9097eb000 	C:\WINDOWS\System32\sechost.dll
0x00007ff90c000000 - 0x00007ff90c124000 	C:\WINDOWS\System32\RPCRT4.dll
0x00007ff90aa10000 - 0x00007ff90aba0000 	C:\WINDOWS\System32\USER32.dll
0x00007ff908650000 - 0x00007ff908670000 	C:\WINDOWS\System32\win32u.dll
0x00007ff90a330000 - 0x00007ff90a358000 	C:\WINDOWS\System32\GDI32.dll
0x00007ff9090b0000 - 0x00007ff909241000 	C:\WINDOWS\System32\gdi32full.dll
0x00007ff909670000 - 0x00007ff90970f000 	C:\WINDOWS\System32\msvcp_win.dll
0x00007ff8e9ab0000 - 0x00007ff8e9d19000 	C:\WINDOWS\WinSxS\amd64_microsoft.windows.common-controls_6595b64144ccf1df_6.0.17134.885_none_fb42a3473065565f\COMCTL32.dll
0x00007ff8f19b0000 - 0x00007ff8f19ba000 	C:\WINDOWS\SYSTEM32\VERSION.dll
0x00007ff90a6e0000 - 0x00007ff90aa02000 	C:\WINDOWS\System32\combase.dll
0x00007ff9095f0000 - 0x00007ff909669000 	C:\WINDOWS\System32\bcryptPrimitives.dll
0x00007ff90a560000 - 0x00007ff90a58d000 	C:\WINDOWS\System32\IMM32.DLL
0x00007ff903eb0000 - 0x00007ff903f5a000 	C:\Program Files\Java\jdk-12.0.2\bin\msvcp140.dll
0x00007ff8d2df0000 - 0x00007ff8d3967000 	C:\Program Files\Java\jdk-12.0.2\bin\server\jvm.dll
0x00007ff90aba0000 - 0x00007ff90aba8000 	C:\WINDOWS\System32\PSAPI.DLL
0x00007ff9019a0000 - 0x00007ff9019c3000 	C:\WINDOWS\SYSTEM32\WINMM.dll
0x00007ff8ef590000 - 0x00007ff8ef599000 	C:\WINDOWS\SYSTEM32\WSOCK32.dll
0x00007ff90a0f0000 - 0x00007ff90a15c000 	C:\WINDOWS\System32\WS2_32.dll
0x00007ff901970000 - 0x00007ff90199a000 	C:\WINDOWS\SYSTEM32\winmmbase.dll
0x00007ff9093b0000 - 0x00007ff9093f9000 	C:\WINDOWS\System32\cfgmgr32.dll
0x00007ff908600000 - 0x00007ff908611000 	C:\WINDOWS\System32\kernel.appcore.dll
0x00007ff906320000 - 0x00007ff906331000 	C:\Program Files\Java\jdk-12.0.2\bin\verify.dll
0x00007ff906f50000 - 0x00007ff907119000 	C:\WINDOWS\SYSTEM32\DBGHELP.DLL
0x00007ff8f9570000 - 0x00007ff8f9599000 	C:\WINDOWS\SYSTEM32\dbgcore.DLL
0x00007ff9060f0000 - 0x00007ff906116000 	C:\Program Files\Java\jdk-12.0.2\bin\java.dll
0x00007ff9060d0000 - 0x00007ff9060e7000 	C:\Program Files\Java\jdk-12.0.2\bin\zip.dll
0x00007ff9060c0000 - 0x00007ff9060ca000 	C:\Program Files\Java\jdk-12.0.2\bin\jimage.dll
0x00007ff90abc0000 - 0x00007ff90c000000 	C:\WINDOWS\System32\SHELL32.dll
0x00007ff90a220000 - 0x00007ff90a2c9000 	C:\WINDOWS\System32\shcore.dll
0x00007ff908670000 - 0x00007ff908d7d000 	C:\WINDOWS\System32\windows.storage.dll
0x00007ff909710000 - 0x00007ff909761000 	C:\WINDOWS\System32\shlwapi.dll
0x00007ff908630000 - 0x00007ff90864f000 	C:\WINDOWS\System32\profapi.dll
0x00007ff908590000 - 0x00007ff9085dc000 	C:\WINDOWS\System32\powrprof.dll
0x00007ff908620000 - 0x00007ff90862a000 	C:\WINDOWS\System32\FLTLIB.DLL
0x00007ff9060a0000 - 0x00007ff9060b9000 	C:\Program Files\Java\jdk-12.0.2\bin\net.dll
0x00007ff9009e0000 - 0x00007ff900abd000 	C:\WINDOWS\SYSTEM32\WINHTTP.dll
0x00007ff8f55f0000 - 0x00007ff8f57b9000 	C:\WINDOWS\SYSTEM32\urlmon.dll
0x00007ff8f59d0000 - 0x00007ff8f5c76000 	C:\WINDOWS\SYSTEM32\iertutil.dll
0x00007ff907fc0000 - 0x00007ff907fcb000 	C:\WINDOWS\SYSTEM32\CRYPTBASE.DLL
0x00007ff907df0000 - 0x00007ff907e56000 	C:\WINDOWS\system32\mswsock.dll
0x00007ff906080000 - 0x00007ff906093000 	C:\Program Files\Java\jdk-12.0.2\bin\nio.dll
0x00007ff8da940000 - 0x00007ff8daadf000 	C:\Program Files\Java\jdk-12.0.2\bin\awt.dll
0x00007ff909ad0000 - 0x00007ff909b92000 	C:\WINDOWS\System32\OLEAUT32.dll
0x00007ff901ec0000 - 0x00007ff902487000 	C:\WINDOWS\SYSTEM32\d2d1.dll
0x00007ff902e80000 - 0x00007ff902f0b000 	C:\WINDOWS\SYSTEM32\apphelp.dll
0x00007ff906280000 - 0x00007ff906318000 	C:\WINDOWS\system32\uxtheme.dll
0x00007ff909950000 - 0x00007ff909ac3000 	C:\WINDOWS\System32\MSCTF.dll
0x00007ff906a40000 - 0x00007ff906a69000 	C:\WINDOWS\system32\dwmapi.dll
0x00007ff9097f0000 - 0x00007ff909941000 	C:\WINDOWS\System32\ole32.dll
0x00007ff904fd0000 - 0x00007ff9050f0000 	C:\WINDOWS\system32\opengl32.dll
0x00007ff9055d0000 - 0x00007ff9055fc000 	C:\WINDOWS\SYSTEM32\GLU32.dll
0x00007ff905950000 - 0x00007ff9059d0000 	C:\Program Files\Java\jdk-12.0.2\bin\freetype.dll
0x00007ff903e00000 - 0x00007ff903eab000 	C:\Program Files\Java\jdk-12.0.2\bin\fontmanager.dll
0x00007ff90a590000 - 0x00007ff90a630000 	C:\WINDOWS\System32\clbcatq.dll
0x00007ff9005a0000 - 0x00007ff90074e000 	C:\WINDOWS\SYSTEM32\WindowsCodecs.dll
0x00007ff8e2c70000 - 0x00007ff8e2cc8000 	C:\WINDOWS\system32\dataexchange.dll
0x00007ff902490000 - 0x00007ff90279b000 	C:\WINDOWS\system32\d3d11.dll
0x00007ff9027a0000 - 0x00007ff90293c000 	C:\WINDOWS\system32\dcomp.dll
0x00007ff907340000 - 0x00007ff9073fb000 	C:\WINDOWS\system32\dxgi.dll
0x00007ff906b50000 - 0x00007ff906d08000 	C:\WINDOWS\system32\twinapi.appcore.dll
0x00007ff906b20000 - 0x00007ff906b41000 	C:\WINDOWS\system32\RMCLIENT.dll
0x00007ff8efd10000 - 0x00007ff8efd7b000 	C:\WINDOWS\system32\Oleacc.dll

dbghelp: loaded successfully - version: 4.0.5 - missing functions: none
symbol engine: initialized successfully - sym options: 0x614 - pdb path: .;C:\Program Files\Java\jdk-12.0.2\bin;C:\WINDOWS\SYSTEM32;C:\WINDOWS\WinSxS\amd64_microsoft.windows.common-controls_6595b64144ccf1df_6.0.17134.885_none_fb42a3473065565f;C:\Program Files\Java\jdk-12.0.2\bin\server

VM Arguments:
jvm_args: -Dfile.encoding=Cp1252 
java_command: appliation.BookstoreMain
java_class_path (initial): D:\CSS305\username-bookstore\bin;C:\Users\zhong\.p2\pool\plugins\org.junit_4.12.0.v201504281640\junit.jar;C:\Users\zhong\.p2\pool\plugins\org.hamcrest.core_1.3.0.v20180420-1519.jar
Launcher Type: SUN_STANDARD

[Global flags]
     intx CICompilerCount                          = 3                                         {product} {ergonomic}
     uint ConcGCThreads                            = 1                                         {product} {ergonomic}
     uint G1ConcRefinementThreads                  = 4                                         {product} {ergonomic}
   size_t G1HeapRegionSize                         = 1048576                                   {product} {ergonomic}
    uintx GCDrainStackTargetSize                   = 64                                        {product} {ergonomic}
   size_t InitialHeapSize                          = 67108864                                  {product} {ergonomic}
   size_t MarkStackSize                            = 4194304                                   {product} {ergonomic}
   size_t MaxHeapSize                              = 1054867456                                {product} {ergonomic}
   size_t MaxNewSize                               = 632291328                                 {product} {ergonomic}
   size_t MinHeapDeltaBytes                        = 1048576                                   {product} {ergonomic}
    uintx NonNMethodCodeHeapSize                   = 5830732                                {pd product} {ergonomic}
    uintx NonProfiledCodeHeapSize                  = 122913754                              {pd product} {ergonomic}
    uintx ProfiledCodeHeapSize                     = 122913754                              {pd product} {ergonomic}
    uintx ReservedCodeCacheSize                    = 251658240                              {pd product} {ergonomic}
     bool SegmentedCodeCache                       = true                                      {product} {ergonomic}
     bool UseCompressedClassPointers               = true                                 {lp64_product} {ergonomic}
     bool UseCompressedOops                        = true                                 {lp64_product} {ergonomic}
     bool UseG1GC                                  = true                                      {product} {ergonomic}
     bool UseLargePagesIndividualAllocation        = false                                  {pd product} {ergonomic}

Logging:
Log output configuration:
 #0: stdout all=warning uptime,level,tags
 #1: stderr all=off uptime,level,tags

Environment Variables:
PATH=C:/Program Files/Java/jdk-12.0.2/bin/server;C:/Program Files/Java/jdk-12.0.2/bin;C:\Program Files (x86)\Common Files\Oracle\Java\javapath;C:\WINDOWS\system32;C:\WINDOWS;C:\WINDOWS\System32\Wbem;C:\WINDOWS\System32\WindowsPowerShell\v1.0\;D:\MATLAB\R2018a\bin;C:\WINDOWS\System32\OpenSSH\;C:\Program Files\PuTTY\;C:\Users\zhong\AppData\Local\Microsoft\WindowsApps;C:\Users\zhong\AppData\Local\GitHubDesktop\bin;C:\Users\zhong\OneDrive\Desktop;
USERNAME=zhong
OS=Windows_NT
PROCESSOR_IDENTIFIER=Intel64 Family 6 Model 142 Stepping 9, GenuineIntel



---------------  S Y S T E M  ---------------

OS: Windows 10 , 64 bit Build 17134 (10.0.17134.753)

CPU:total 4 (initial active 4) (2 cores per cpu, 2 threads per core) family 6 model 142 stepping 9, cmov, cx8, fxsr, mmx, sse, sse2, sse3, ssse3, sse4.1, sse4.2, popcnt, avx, avx2, aes, clmul, erms, 3dnowpref, lzcnt, ht, tsc, tscinvbit, bmi1, bmi2, adx, fma

Memory: 4k page, system-wide physical 4021M (626M free)
TotalPageFile size 9743M (AvailPageFile size 6M)
current process WorkingSet (physical memory assigned to process): 65M, peak: 65M
current process commit charge ("private bytes"): 151M, peak: 153M

vm_info: Java HotSpot(TM) 64-Bit Server VM (12.0.2+10) for windows-amd64 JRE (12.0.2+10), built on Jul 16 2019 01:56:17 by "mach5one" with MS VC++ 15.5 (VS2017)

END.
