#
# There is insufficient memory for the Java Runtime Environment to continue.
# Native memory allocation (mmap) failed to map 67108864 bytes for Failed to commit area from 0x00000000c1200000 to 0x00000000c5200000 of length 67108864.
# Possible reasons:
#   The system is out of physical RAM or swap space
#   The process is running with CompressedOops enabled, and the Java Heap may be blocking the growth of the native heap
# Possible solutions:
#   Reduce memory load on the system
#   Increase physical memory or swap space
#   Check if swap backing store is full
#   Decrease Java heap size (-Xmx/-Xms)
#   Decrease number of Java threads
#   Decrease Java thread stack sizes (-Xss)
#   Set larger code cache with -XX:ReservedCodeCacheSize=
# This output file may be truncated or incomplete.
#
#  Out of Memory Error (t:/workspace/open/src/hotspot/os/windows/os_windows.cpp:3264), pid=28852, tid=10756
#
# JRE version:  (12.0.2+10) (build )
# Java VM: Java HotSpot(TM) 64-Bit Server VM (12.0.2+10, mixed mode, aot, sharing, tiered, compressed oops, g1 gc, windows-amd64)
# No core dump will be written. Minidumps are not enabled by default on client versions of Windows
#

---------------  S U M M A R Y ------------

Command Line: -Dfile.encoding=Cp1252 appliation.BookstoreMain

Host: Intel(R) Core(TM) m3-7Y30 CPU @ 1.00GHz, 4 cores, 3G,  Windows 10 , 64 bit Build 17134 (10.0.17134.753)
Time: Mon Jan 20 18:55:56 2020 ¨¬????¨®¡À¨º¡Á?¨º¡À?? elapsed time: 0 seconds (0d 0h 0m 0s)

---------------  T H R E A D  ---------------

Current thread (0x000002c1b8ac7800):  JavaThread "Unknown thread" [_thread_in_vm, id=10756, stack(0x000000e8e8f00000,0x000000e8e9000000)]

Stack: [0x000000e8e8f00000,0x000000e8e9000000]
Native frames: (J=compiled Java code, j=interpreted, Vv=VM code, C=native code)
V  [jvm.dll+0x63aa2a]
V  [jvm.dll+0x78ce1e]
V  [jvm.dll+0x78e4c1]
V  [jvm.dll+0x78eb13]
V  [jvm.dll+0x2627e8]
V  [jvm.dll+0x637f5a]
V  [jvm.dll+0x62c845]
V  [jvm.dll+0x31e49c]
V  [jvm.dll+0x31e2cf]
V  [jvm.dll+0x324006]
V  [jvm.dll+0x371f56]
V  [jvm.dll+0x371720]
V  [jvm.dll+0x2f845a]
V  [jvm.dll+0x2f96d2]
V  [jvm.dll+0x767267]
V  [jvm.dll+0x7689f5]
V  [jvm.dll+0x380059]
V  [jvm.dll+0x74b794]
V  [jvm.dll+0x3ef5cd]
V  [jvm.dll+0x3f1471]
C  [jli.dll+0x51cf]
C  [ucrtbase.dll+0x1e3fe]
C  [KERNEL32.DLL+0x14034]
C  [ntdll.dll+0x73691]


---------------  P R O C E S S  ---------------

Threads class SMR info:
_java_thread_list=0x00007ff8d38c7928, length=0, elements={
}

Java Threads: ( => current thread )

Other Threads:
  0x000002c1b8af2000 GCTaskThread "GC Thread#0" [stack: 0x000000e8e9000000,0x000000e8e9100000] [id=25836]
  0x000002c1b8b1a800 ConcurrentGCThread "G1 Main Marker" [stack: 0x000000e8e9100000,0x000000e8e9200000] [id=28764]
  0x000002c1b8b1e000 ConcurrentGCThread "G1 Conc#0" [stack: 0x000000e8e9200000,0x000000e8e9300000] [id=27272]

[error occurred during error reporting (printing all threads), id 0xc0000005, EXCEPTION_ACCESS_VIOLATION (0xc0000005) at pc=0x00007ff8d30f85e7]

VM state:not at safepoint (not fully initialized)

VM Mutex/Monitor currently owned by a thread:  ([mutex/lock_event])
[0x000002c1b8ac36a0] Heap_lock - owner thread: 0x000002c1b8ac7800

Heap address: 0x00000000c1200000, size: 1006 MB, Compressed Oops mode: Non-zero based: 0x00000000c1200000
Narrow klass base: 0x0000000000000000, Narrow klass shift: 0

GC Heap History (0 events):
No events

Deoptimization events (0 events):
No events

Classes redefined (0 events):
No events

Internal exceptions (0 events):
No events

Events (0 events):
No events


Dynamic libraries:
0x00007ff7129d0000 - 0x00007ff7129df000 	C:\Program Files\Java\jdk-12.0.2\bin\javaw.exe
0x00007ff90c280000 - 0x00007ff90c461000 	C:\WINDOWS\SYSTEM32\ntdll.dll
0x00007ff90a160000 - 0x00007ff90a211000 	C:\WINDOWS\System32\KERNEL32.DLL
0x00007ff908e30000 - 0x00007ff9090a3000 	C:\WINDOWS\System32\KERNELBASE.dll
0x00007ff909250000 - 0x00007ff909348000 	C:\WINDOWS\System32\ucrtbase.dll
0x00007ff9059b0000 - 0x00007ff9059c8000 	C:\Program Files\Java\jdk-12.0.2\bin\jli.dll
0x00007ff90a630000 - 0x00007ff90a6d1000 	C:\WINDOWS\System32\ADVAPI32.dll
0x00007ff90c130000 - 0x00007ff90c1ce000 	C:\WINDOWS\System32\msvcrt.dll
0x00007ff909790000 - 0x00007ff9097eb000 	C:\WINDOWS\System32\sechost.dll
0x00007ff90c000000 - 0x00007ff90c124000 	C:\WINDOWS\System32\RPCRT4.dll
0x00007ff90aa10000 - 0x00007ff90aba0000 	C:\WINDOWS\System32\USER32.dll
0x00007ff908650000 - 0x00007ff908670000 	C:\WINDOWS\System32\win32u.dll
0x00007ff90a330000 - 0x00007ff90a358000 	C:\WINDOWS\System32\GDI32.dll
0x00007ff9090b0000 - 0x00007ff909241000 	C:\WINDOWS\System32\gdi32full.dll
0x00007ff909670000 - 0x00007ff90970f000 	C:\WINDOWS\System32\msvcp_win.dll
0x00007ff8e9ab0000 - 0x00007ff8e9d19000 	C:\WINDOWS\WinSxS\amd64_microsoft.windows.common-controls_6595b64144ccf1df_6.0.17134.885_none_fb42a3473065565f\COMCTL32.dll
0x00007ff90a6e0000 - 0x00007ff90aa02000 	C:\WINDOWS\System32\combase.dll
0x00007ff9095f0000 - 0x00007ff909669000 	C:\WINDOWS\System32\bcryptPrimitives.dll
0x00007ff905aa0000 - 0x00007ff905ab6000 	C:\Program Files\Java\jdk-12.0.2\bin\VCRUNTIME140.dll
0x00007ff8f19b0000 - 0x00007ff8f19ba000 	C:\WINDOWS\SYSTEM32\VERSION.dll
0x00007ff90a560000 - 0x00007ff90a58d000 	C:\WINDOWS\System32\IMM32.DLL
0x00007ff903eb0000 - 0x00007ff903f5a000 	C:\Program Files\Java\jdk-12.0.2\bin\msvcp140.dll
0x00007ff8d2df0000 - 0x00007ff8d3967000 	C:\Program Files\Java\jdk-12.0.2\bin\server\jvm.dll
0x00007ff90aba0000 - 0x00007ff90aba8000 	C:\WINDOWS\System32\PSAPI.DLL
0x00007ff8ef590000 - 0x00007ff8ef599000 	C:\WINDOWS\SYSTEM32\WSOCK32.dll
0x00007ff90a0f0000 - 0x00007ff90a15c000 	C:\WINDOWS\System32\WS2_32.dll
0x00007ff9019a0000 - 0x00007ff9019c3000 	C:\WINDOWS\SYSTEM32\WINMM.dll
0x00007ff901970000 - 0x00007ff90199a000 	C:\WINDOWS\SYSTEM32\winmmbase.dll
0x00007ff9093b0000 - 0x00007ff9093f9000 	C:\WINDOWS\System32\cfgmgr32.dll
0x00007ff908600000 - 0x00007ff908611000 	C:\WINDOWS\System32\kernel.appcore.dll
0x00007ff906320000 - 0x00007ff906331000 	C:\Program Files\Java\jdk-12.0.2\bin\verify.dll
0x00007ff906f50000 - 0x00007ff907119000 	C:\WINDOWS\SYSTEM32\DBGHELP.DLL
0x00007ff8f9570000 - 0x00007ff8f9599000 	C:\WINDOWS\SYSTEM32\dbgcore.DLL
0x00007ff9060f0000 - 0x00007ff906116000 	C:\Program Files\Java\jdk-12.0.2\bin\java.dll
0x00007ff9060d0000 - 0x00007ff9060e7000 	C:\Program Files\Java\jdk-12.0.2\bin\zip.dll
0x00007ff9060c0000 - 0x00007ff9060ca000 	C:\Program Files\Java\jdk-12.0.2\bin\jimage.dll

dbghelp: loaded successfully - version: 4.0.5 - missing functions: none
symbol engine: initialized successfully - sym options: 0x614 - pdb path: .;C:\Program Files\Java\jdk-12.0.2\bin;C:\WINDOWS\SYSTEM32;C:\WINDOWS\WinSxS\amd64_microsoft.windows.common-controls_6595b64144ccf1df_6.0.17134.885_none_fb42a3473065565f;C:\Program Files\Java\jdk-12.0.2\bin\server

VM Arguments:
jvm_args: -Dfile.encoding=Cp1252 
java_command: appliation.BookstoreMain
java_class_path (initial): D:\CSS305\username-bookstore\bin;C:\Users\zhong\.p2\pool\plugins\org.junit_4.12.0.v201504281640\junit.jar;C:\Users\zhong\.p2\pool\plugins\org.hamcrest.core_1.3.0.v20180420-1519.jar
Launcher Type: SUN_STANDARD

[Global flags]
     intx CICompilerCount                          = 3                                         {product} {ergonomic}
     uint ConcGCThreads                            = 1                                         {product} {ergonomic}
     uint G1ConcRefinementThreads                  = 4                                         {product} {ergonomic}
   size_t G1HeapRegionSize                         = 1048576                                   {product} {ergonomic}
    uintx GCDrainStackTargetSize                   = 64                                        {product} {ergonomic}
   size_t InitialHeapSize                          = 67108864                                  {product} {ergonomic}
   size_t MarkStackSize                            = 4194304                                   {product} {ergonomic}
   size_t MaxHeapSize                              = 1054867456                                {product} {ergonomic}
   size_t MinHeapDeltaBytes                        = 1048576                                   {product} {ergonomic}
    uintx NonNMethodCodeHeapSize                   = 5830732                                {pd product} {ergonomic}
    uintx NonProfiledCodeHeapSize                  = 122913754                              {pd product} {ergonomic}
    uintx ProfiledCodeHeapSize                     = 122913754                              {pd product} {ergonomic}
    uintx ReservedCodeCacheSize                    = 251658240                              {pd product} {ergonomic}
     bool SegmentedCodeCache                       = true                                      {product} {ergonomic}
     bool UseCompressedClassPointers               = true                                 {lp64_product} {ergonomic}
     bool UseCompressedOops                        = true                                 {lp64_product} {ergonomic}
     bool UseG1GC                                  = true                                      {product} {ergonomic}
     bool UseLargePagesIndividualAllocation        = false                                  {pd product} {ergonomic}

Logging:
Log output configuration:
 #0: stdout all=warning uptime,level,tags
 #1: stderr all=off uptime,level,tags

Environment Variables:
PATH=C:/Program Files/Java/jdk-12.0.2/bin/server;C:/Program Files/Java/jdk-12.0.2/bin;C:\Program Files (x86)\Common Files\Oracle\Java\javapath;C:\WINDOWS\system32;C:\WINDOWS;C:\WINDOWS\System32\Wbem;C:\WINDOWS\System32\WindowsPowerShell\v1.0\;D:\MATLAB\R2018a\bin;C:\WINDOWS\System32\OpenSSH\;C:\Program Files\PuTTY\;C:\Users\zhong\AppData\Local\Microsoft\WindowsApps;C:\Users\zhong\AppData\Local\GitHubDesktop\bin;C:\Users\zhong\OneDrive\Desktop;
USERNAME=zhong
OS=Windows_NT
PROCESSOR_IDENTIFIER=Intel64 Family 6 Model 142 Stepping 9, GenuineIntel



---------------  S Y S T E M  ---------------

OS: Windows 10 , 64 bit Build 17134 (10.0.17134.753)

CPU:total 4 (initial active 4) (2 cores per cpu, 2 threads per core) family 6 model 142 stepping 9, cmov, cx8, fxsr, mmx, sse, sse2, sse3, ssse3, sse4.1, sse4.2, popcnt, avx, avx2, aes, clmul, erms, 3dnowpref, lzcnt, ht, tsc, tscinvbit, bmi1, bmi2, adx, fma

Memory: 4k page, system-wide physical 4021M (536M free)
TotalPageFile size 9743M (AvailPageFile size 40M)
current process WorkingSet (physical memory assigned to process): 10M, peak: 10M
current process commit charge ("private bytes"): 51M, peak: 115M

vm_info: Java HotSpot(TM) 64-Bit Server VM (12.0.2+10) for windows-amd64 JRE (12.0.2+10), built on Jul 16 2019 01:56:17 by "mach5one" with MS VC++ 15.5 (VS2017)

END.
